#
# A fatal error has been detected by the Java Runtime Environment:
#
#  Internal Error (os_windows_x86.cpp:114), pid=1028, tid=3852
#  Error: guarantee(result == -1,"Unexpected result from topLevelExceptionFilter")
#
# JRE version: 6.0_17-b04
# Java VM: Java HotSpot(TM) 64-Bit Server VM (14.3-b01 mixed mode windows-amd64 )
# If you would like to submit a bug report, please visit:
#   http://java.sun.com/webapps/bugreport/crash.jsp
# The crash happened outside the Java Virtual Machine in native code.
# See problematic frame for where to report the bug.
#

---------------  T H R E A D  ---------------

Current thread (0x00000000020ae800):  JavaThread "main" [_thread_in_native, id=3852, stack(0x00000000000c0000,0x00000000015c0000)]

Stack: [0x00000000000c0000,0x00000000015c0000]
Java frames: (J=compiled Java code, j=interpreted, Vv=VM code)
j  com.mathworks.jmi.NativeMatlab.ProcessPendingEvents()Z+0
j  com.mathworks.jmi.NativeMatlab.processPendingEvents()Z+8
j  com.mathworks.jmi.Matlab$ProcessPendingEvents.callBooleanMethod(Ljava/lang/Object;)Z+0
j  com.mathworks.util.FactoryUtils.processPendingEvents()Z+12
j  com.mathworks.widgets.desk.Desktop.canClose()Z+38
j  com.mathworks.mde.desk.MLDesktop.canClose()Z+113
j  com.mathworks.mde.desk.MLDesktop$2.call()Ljava/lang/Boolean;+4
j  com.mathworks.mde.desk.MLDesktop$2.call()Ljava/lang/Object;+1
j  com.mathworks.jmi.Matlab.isOkToExit()Z+54
v  ~StubRoutines::call_stub
j  com.mathworks.jmi.NativeMatlab.SendMatlabMessage(Ljava/lang/Object;)Ljava/lang/Object;+0
j  com.mathworks.jmi.NativeMatlab.sendMatlabMessage(Ljava/lang/Object;)Ljava/lang/Object;+22
j  com.mathworks.jmi.MatlabLooper.sendMatlabMessage(Lcom/mathworks/services/message/MWMessage;)Ljava/lang/Object;+20
j  com.mathworks.jmi.Matlab.mtFevalConsoleOutput(Ljava/lang/String;[Ljava/lang/Object;I)Ljava/lang/Object;+58
j  com.mathworks.mde.desk.MLDesktop$8.run()V+14
j  com.mathworks.jmi.NativeMatlab.dispatchMTRequests(Z)V+50
v  ~StubRoutines::call_stub

---------------  P R O C E S S  ---------------

Java Threads: ( => current thread )
  0x0000000023c65800 JavaThread "Active Reference Queue Daemon" daemon [_thread_blocked, id=3492, stack(0x0000000007c60000,0x0000000007ce0000)]
  0x0000000023c5d800 JavaThread "Timer-106" daemon [_thread_blocked, id=5116, stack(0x0000000007820000,0x00000000078a0000)]
  0x0000000023c5d000 JavaThread "pool-2-thread-1" [_thread_blocked, id=2468, stack(0x00000000080b0000,0x0000000008130000)]
  0x0000000023c67000 JavaThread "Foxtrot Multi Worker Thread Runner #1" daemon [_thread_blocked, id=3960, stack(0x0000000007e30000,0x0000000007eb0000)]
  0x0000000023c64000 JavaThread "Timer queue for AWT thread" daemon [_thread_blocked, id=4792, stack(0x0000000007d70000,0x0000000007df0000)]
  0x0000000023c62000 JavaThread "MultiThreadedHttpConnectionManager cleanup" daemon [_thread_blocked, id=3328, stack(0x0000000012680000,0x0000000012700000)]
  0x0000000023c60800 JavaThread "RequestQueue for GenericFileList" [_thread_blocked, id=3524, stack(0x0000000012570000,0x00000000125f0000)]
  0x0000000023c5f000 JavaThread "Timer-5" daemon [_thread_blocked, id=3304, stack(0x0000000028500000,0x0000000028580000)]
  0x0000000023c5c800 JavaThread "Prefs Updater" daemon [_thread_blocked, id=4580, stack(0x00000000178d0000,0x0000000017950000)]
  0x0000000023c5b800 JavaThread "Timer-1" [_thread_blocked, id=3204, stack(0x00000000283e0000,0x0000000028460000)]
  0x0000000023c5a000 JavaThread "FelixPackageAdmin" daemon [_thread_blocked, id=1232, stack(0x000000001bae0000,0x000000001bb60000)]
  0x000000000f10b000 JavaThread "FelixStartLevel" daemon [_thread_blocked, id=3228, stack(0x000000001fe10000,0x000000001fe90000)]
  0x0000000023efa800 JavaThread "FelixDispatchQueue" daemon [_thread_blocked, id=1800, stack(0x000000001d170000,0x000000001d1f0000)]
  0x000000000f1b6000 JavaThread "TimerQueue" daemon [_thread_blocked, id=2652, stack(0x00000000124d0000,0x0000000012550000)]
  0x000000000f3af000 JavaThread "AWT-EventQueue-0" [_thread_blocked, id=2772, stack(0x000000000feb0000,0x000000000ff30000)]
  0x0000000004f72000 JavaThread "com.google.common.base.internal.Finalizer" daemon [_thread_blocked, id=3632, stack(0x000000000f3b0000,0x000000000f430000)]
  0x0000000022ad0000 JavaThread "AWT-Windows" daemon [_thread_in_native, id=1268, stack(0x0000000006950000,0x00000000069d0000)]
  0x0000000022ade000 JavaThread "AWT-Shutdown" [_thread_blocked, id=4724, stack(0x0000000006880000,0x0000000006900000)]
  0x0000000022add800 JavaThread "Java2D Disposer" daemon [_thread_blocked, id=1040, stack(0x000000000bf20000,0x000000000bfa0000)]
  0x0000000022c90800 JavaThread "Timer-0" [_thread_blocked, id=3432, stack(0x0000000004c80000,0x0000000004d00000)]
  0x0000000022d00000 JavaThread "JMI Unnamed Thread" [_thread_in_native, id=2068, stack(0x00000000094f0000,0x000000000a9f0000)]
  0x0000000004f00800 JavaThread "Low Memory Detector" daemon [_thread_blocked, id=3724, stack(0x0000000005090000,0x0000000005110000)]
  0x0000000004eff000 JavaThread "CompilerThread1" daemon [_thread_blocked, id=3416, stack(0x000000001fed0000,0x00000000213d0000)]
  0x0000000004ef1800 JavaThread "CompilerThread0" daemon [_thread_blocked, id=4508, stack(0x000000001e910000,0x000000001fe10000)]
  0x0000000004eec800 JavaThread "Attach Listener" daemon [_thread_blocked, id=2740, stack(0x0000000004a10000,0x0000000004a90000)]
  0x0000000004e98000 JavaThread "Finalizer" daemon [_thread_blocked, id=800, stack(0x0000000004aa0000,0x0000000004b20000)]
  0x00000000021cf800 JavaThread "Reference Handler" daemon [_thread_blocked, id=4756, stack(0x0000000004bc0000,0x0000000004c40000)]
=>0x00000000020ae800 JavaThread "main" [_thread_in_native, id=3852, stack(0x00000000000c0000,0x00000000015c0000)]

Other Threads:
  0x00000000021ce000 VMThread [stack: 0x000000001d220000,0x000000001e720000] [id=1056]
  0x0000000004f2c000 WatcherThread [stack: 0x0000000021590000,0x0000000022a90000] [id=3712]

VM state:not at safepoint (normal execution)

VM Mutex/Monitor currently owned by a thread: None

Heap
 PSYoungGen      total 181824K, used 93722K [0x0000000247d10000, 0x0000000255e20000, 0x0000000287c10000)
  eden space 150976K, 50% used [0x0000000247d10000,0x000000024c7b3cc0,0x0000000251080000)
  from space 30848K, 56% used [0x0000000254000000,0x00000002550e2e58,0x0000000255e20000)
  to   space 39744K, 0% used [0x0000000251080000,0x0000000251080000,0x0000000253750000)
 PSOldGen        total 104192K, used 64342K [0x0000000188010000, 0x000000018e5d0000, 0x0000000247d10000)
  object space 104192K, 61% used [0x0000000188010000,0x000000018bee59b0,0x000000018e5d0000)
 PSPermGen       total 118528K, used 74332K [0x0000000180010000, 0x00000001873d0000, 0x0000000188010000)
  object space 118528K, 62% used [0x0000000180010000,0x00000001848a7380,0x00000001873d0000)

Dynamic libraries:
0x000000013f770000 - 0x000000013f799000 	C:\Program Files (x86)\MATLAB_2011a\bin\win64\MATLAB.exe
0x0000000077c10000 - 0x0000000077db9000 	C:\Windows\SYSTEM32\ntdll.dll
0x00000000779f0000 - 0x0000000077b0f000 	C:\Windows\system32\kernel32.dll
0x000007fefda40000 - 0x000007fefdaac000 	C:\Windows\system32\KERNELBASE.dll
0x0000000074460000 - 0x0000000074569000 	C:\Program Files (x86)\MATLAB_2011a\bin\win64\libut.dll
0x00000000758a0000 - 0x0000000075920000 	C:\Program Files (x86)\MATLAB_2011a\bin\win64\libmwi18n.dll
0x0000000180000000 - 0x000000018000b000 	C:\Program Files (x86)\MATLAB_2011a\bin\win64\libmwresource_core.dll
0x000000006bdb0000 - 0x000000006be83000 	C:\Windows\WinSxS\amd64_microsoft.vc90.crt_1fc8b3b9a1e18e3b_9.0.30729.6161_none_08e61857a83bc251\MSVCP90.dll
0x0000000074000000 - 0x00000000740a3000 	C:\Windows\WinSxS\amd64_microsoft.vc90.crt_1fc8b3b9a1e18e3b_9.0.30729.6161_none_08e61857a83bc251\MSVCR90.dll
0x000000007a3b0000 - 0x000000007a3c0000 	C:\Program Files (x86)\MATLAB_2011a\bin\win64\boost_date_time-vc90-mt-1_40.dll
0x000000007a170000 - 0x000000007a189000 	C:\Program Files (x86)\MATLAB_2011a\bin\win64\boost_filesystem-vc90-mt-1_40.dll
0x000000007a560000 - 0x000000007a569000 	C:\Program Files (x86)\MATLAB_2011a\bin\win64\boost_system-vc90-mt-1_40.dll
0x000000007a2d0000 - 0x000000007a2e2000 	C:\Program Files (x86)\MATLAB_2011a\bin\win64\boost_thread-vc90-mt-1_40.dll
0x000000007a010000 - 0x000000007a035000 	C:\Program Files (x86)\MATLAB_2011a\bin\win64\LIBEXPAT.dll
0x00000000739d0000 - 0x0000000073b8c000 	C:\Program Files (x86)\MATLAB_2011a\bin\win64\icuin42.dll
0x00000000740b0000 - 0x0000000074223000 	C:\Program Files (x86)\MATLAB_2011a\bin\win64\icuuc42.dll
0x000007fefe2f0000 - 0x000007fefe3cb000 	C:\Windows\system32\ADVAPI32.dll
0x000007feffa90000 - 0x000007feffb2f000 	C:\Windows\system32\msvcrt.dll
0x000007fefea10000 - 0x000007fefea2f000 	C:\Windows\SYSTEM32\sechost.dll
0x000007fefdf70000 - 0x000007fefe09d000 	C:\Windows\system32\RPCRT4.dll
0x0000000010000000 - 0x0000000010f47000 	C:\Program Files (x86)\MATLAB_2011a\bin\win64\icudt42.dll
0x0000000001810000 - 0x000000000191d000 	C:\Program Files (x86)\MATLAB_2011a\bin\win64\libmwfl.dll
0x0000000001670000 - 0x0000000001703000 	C:\Program Files (x86)\MATLAB_2011a\bin\win64\libmwMATLAB_res.dll
0x000000007a250000 - 0x000000007a263000 	C:\Program Files (x86)\MATLAB_2011a\bin\win64\boost_signals-vc90-mt-1_40.dll
0x0000000001940000 - 0x0000000001986000 	C:\Program Files (x86)\MATLAB_2011a\bin\win64\tbb.dll
0x000007fefea30000 - 0x000007fefea49000 	C:\Windows\system32\imagehlp.dll
0x0000000077de0000 - 0x0000000077de7000 	C:\Windows\system32\PSAPI.DLL
0x000000007a3d0000 - 0x000000007a3e3000 	C:\Program Files (x86)\MATLAB_2011a\bin\win64\icuio42.dll
0x000007fefb210000 - 0x000007fefb335000 	C:\Windows\system32\dbghelp.dll
0x0000000077b10000 - 0x0000000077c0a000 	C:\Windows\system32\USER32.dll
0x000007fefe890000 - 0x000007fefe8f7000 	C:\Windows\system32\GDI32.dll
0x000007fefe0a0000 - 0x000007fefe0ae000 	C:\Windows\system32\LPK.dll
0x000007fefe3d0000 - 0x000007fefe499000 	C:\Windows\system32\USP10.dll
0x000000007bed0000 - 0x000000007c0f5000 	C:\Program Files (x86)\MATLAB_2011a\bin\win64\libmwservices.dll
0x0000000075a20000 - 0x0000000075ab2000 	C:\Program Files (x86)\MATLAB_2011a\bin\win64\libmx.dll
0x000000007a210000 - 0x000000007a226000 	C:\Program Files (x86)\MATLAB_2011a\bin\win64\zlib1.dll
0x0000000074330000 - 0x000000007444b000 	C:\Program Files (x86)\MATLAB_2011a\bin\win64\libmwmathutil.dll
0x000000006bd50000 - 0x000000006bda4000 	C:\Program Files (x86)\MATLAB_2011a\bin\win64\mpath.dll
0x000000007b680000 - 0x000000007b982000 	C:\Program Files (x86)\MATLAB_2011a\bin\win64\mlutil.dll
0x000000006b4f0000 - 0x000000006b572000 	C:\Program Files (x86)\MATLAB_2011a\bin\win64\xmlcore.dll
0x000000007bc30000 - 0x000000007be83000 	C:\Program Files (x86)\MATLAB_2011a\bin\win64\xerces-c_2_7.dll
0x000007fefdde0000 - 0x000007fefde2d000 	C:\Windows\system32\WS2_32.dll
0x000007feffe00000 - 0x000007feffe08000 	C:\Windows\system32\NSI.dll
0x000007fefea50000 - 0x000007feff7d8000 	C:\Windows\system32\SHELL32.dll
0x000007fefe930000 - 0x000007fefe9a1000 	C:\Windows\system32\SHLWAPI.dll
0x000007fef93f0000 - 0x000007fef9490000 	C:\Windows\WinSxS\amd64_microsoft.windows.common-controls_6595b64144ccf1df_5.82.7601.18201_none_a4d3b9377117c3df\COMCTL32.dll
0x000007fefde30000 - 0x000007fefdec7000 	C:\Windows\system32\COMDLG32.dll
0x000007fefb3e0000 - 0x000007fefb3f6000 	C:\Windows\system32\NETAPI32.dll
0x000007fefb3b0000 - 0x000007fefb3bc000 	C:\Windows\system32\netutils.dll
0x000007fefd4c0000 - 0x000007fefd4e3000 	C:\Windows\system32\srvcli.dll
0x000007fefb390000 - 0x000007fefb3a5000 	C:\Windows\system32\wkscli.dll
0x000007fefe4a0000 - 0x000007fefe6a3000 	C:\Windows\system32\ole32.dll
0x000007feffd20000 - 0x000007feffdf7000 	C:\Windows\system32\OLEAUT32.dll
0x0000000074970000 - 0x0000000074a34000 	C:\Program Files (x86)\MATLAB_2011a\bin\win64\mcr.dll
0x0000000075000000 - 0x00000000750e4000 	C:\Program Files (x86)\MATLAB_2011a\bin\win64\iqm.dll
0x000000006a6e0000 - 0x000000006ae7c000 	C:\Program Files (x86)\MATLAB_2011a\bin\win64\m_interpreter.dll
0x00000000729d0000 - 0x00000000729df000 	C:\Program Files (x86)\MATLAB_2011a\bin\win64\libmex.dll
0x000000006b440000 - 0x000000006b4e4000 	C:\Program Files (x86)\MATLAB_2011a\bin\win64\m_dispatcher.dll
0x0000000074880000 - 0x0000000074945000 	C:\Program Files (x86)\MATLAB_2011a\bin\win64\boost_regex-vc90-mt-1_40.dll
0x000000006b3c0000 - 0x000000006b43f000 	C:\Program Files (x86)\MATLAB_2011a\bin\win64\profiler.dll
0x0000000079f40000 - 0x0000000079f6c000 	C:\Program Files (x86)\MATLAB_2011a\bin\win64\libmwmathrng.dll
0x000000006bd30000 - 0x000000006bd50000 	C:\Program Files (x86)\MATLAB_2011a\bin\win64\m_pcodeio.dll
0x0000000079b10000 - 0x0000000079b71000 	C:\Program Files (x86)\MATLAB_2011a\bin\win64\m_ir.dll
0x000000006a0a0000 - 0x000000006a6db000 	C:\Program Files (x86)\MATLAB_2011a\bin\win64\m_parser.dll
0x000000006bd10000 - 0x000000006bd29000 	C:\Program Files (x86)\MATLAB_2011a\bin\win64\ir_xfmr.dll
0x0000000069e50000 - 0x000000006a09b000 	C:\Program Files (x86)\MATLAB_2011a\bin\win64\mcos.dll
0x00000000729b0000 - 0x00000000729bc000 	C:\Program Files (x86)\MATLAB_2011a\bin\win64\mtok.dll
0x000000006bc30000 - 0x000000006bc5b000 	C:\Program Files (x86)\MATLAB_2011a\bin\win64\m_pcodegen.dll
0x0000000076160000 - 0x00000000761c2000 	C:\Program Files (x86)\MATLAB_2011a\bin\win64\libmwspmatrix.dll
0x0000000079fb0000 - 0x0000000079fde000 	C:\Program Files (x86)\MATLAB_2011a\bin\win64\libmwbridge.dll
0x000000006b300000 - 0x000000006b3b9000 	C:\Program Files (x86)\MATLAB_2011a\bin\win64\udd.dll
0x0000000069d00000 - 0x0000000069e41000 	C:\Program Files (x86)\MATLAB_2011a\bin\win64\libmwgui.dll
0x000000006bc10000 - 0x000000006bc27000 	C:\Program Files (x86)\MATLAB_2011a\bin\win64\graphics_util.dll
0x0000000069480000 - 0x0000000069d00000 	C:\Program Files (x86)\MATLAB_2011a\bin\win64\hg.dll
0x0000000076100000 - 0x000000007614f000 	C:\Program Files (x86)\MATLAB_2011a\bin\win64\libmat.dll
0x0000000072d30000 - 0x0000000072f33000 	C:\Program Files (x86)\MATLAB_2011a\bin\win64\libhdf5.dll
0x000000006b280000 - 0x000000006b2fb000 	C:\Program Files (x86)\MATLAB_2011a\bin\win64\jmi.dll
0x0000000001ba0000 - 0x0000000001bae000 	C:\Program Files (x86)\MATLAB_2011a\bin\win64\nativejava_services.dll
0x000000006b240000 - 0x000000006b27c000 	C:\Program Files (x86)\MATLAB_2011a\bin\win64\libmwhardcopy.dll
0x0000000069420000 - 0x0000000069478000 	C:\Program Files (x86)\MATLAB_2011a\bin\win64\libuij.dll
0x0000000069230000 - 0x0000000069413000 	C:\Program Files (x86)\MATLAB_2011a\bin\win64\hgdatatypes.dll
0x0000000069170000 - 0x000000006922c000 	C:\Program Files (x86)\MATLAB_2011a\bin\win64\hgutils.dll
0x00000000690f0000 - 0x000000006916c000 	C:\Program Files (x86)\MATLAB_2011a\bin\win64\libmwlapack.dll
0x000000006bbf0000 - 0x000000006bc02000 	C:\Program Files (x86)\MATLAB_2011a\bin\win64\libmwbinder.dll
0x000000006bd00000 - 0x000000006bd0b000 	C:\Program Files (x86)\MATLAB_2011a\bin\win64\libmwompwrapper.dll
0x0000000001c30000 - 0x0000000001ef4000 	C:\Program Files (x86)\MATLAB_2011a\bin\win64\uiw.dll
0x000000006b230000 - 0x000000006b23a000 	C:\Program Files (x86)\MATLAB_2011a\bin\win64\uinone.dll
0x0000000068c00000 - 0x00000000690e4000 	C:\Windows\WinSxS\amd64_microsoft.vc90.mfc_1fc8b3b9a1e18e3b_9.0.30729.6161_none_044aad0bab1eb146\mfc90.dll
0x000007fefae30000 - 0x000007fefae37000 	C:\Windows\system32\MSIMG32.dll
0x000007fef8f80000 - 0x000007fef8ff1000 	C:\Windows\system32\WINSPOOL.DRV
0x0000000068b50000 - 0x0000000068bf9000 	C:\Program Files (x86)\MATLAB_2011a\bin\win64\udd_mi.dll
0x000000006b210000 - 0x000000006b22b000 	C:\Program Files (x86)\MATLAB_2011a\bin\win64\mwoles05.DLL
0x0000000068ae0000 - 0x0000000068b4e000 	C:\Program Files (x86)\MATLAB_2011a\bin\win64\comcli.dll
0x0000000068ab0000 - 0x0000000068adf000 	C:\Windows\WinSxS\amd64_microsoft.vc90.atl_1fc8b3b9a1e18e3b_9.0.30729.6161_none_0a1fd3a3a768b895\ATL90.DLL
0x000000006b200000 - 0x000000006b20c000 	C:\Program Files (x86)\MATLAB_2011a\bin\win64\mlautoregister.dll
0x0000000001f60000 - 0x0000000001f6d000 	C:\Program Files (x86)\MATLAB_2011a\bin\win64\boost_iostreams-vc90-mt-1_40.dll
0x000007fefe900000 - 0x000007fefe92e000 	C:\Windows\system32\IMM32.DLL
0x000007feffe10000 - 0x000007fefff19000 	C:\Windows\system32\MSCTF.dll
0x000007fefc0f0000 - 0x000007fefc146000 	C:\Windows\system32\UxTheme.dll
0x000007fefc170000 - 0x000007fefc188000 	C:\Windows\system32\dwmapi.dll
0x0000000068aa0000 - 0x0000000068aaf000 	C:\Windows\WinSxS\amd64_microsoft.vc90.mfcloc_1fc8b3b9a1e18e3b_9.0.30729.6161_none_01c9581e60cbee58\MFC90FRA.DLL
0x000007fefda20000 - 0x000007fefda2f000 	C:\Windows\system32\profapi.dll
0x000007fefd880000 - 0x000007fefd88f000 	C:\Windows\system32\CRYPTBASE.dll
0x000007fefc1e0000 - 0x000007fefc3d4000 	C:\Windows\WinSxS\amd64_microsoft.windows.common-controls_6595b64144ccf1df_6.0.7601.17514_none_fa396087175ac9ac\comctl32.dll
0x000007fefe6b0000 - 0x000007fefe887000 	C:\Windows\system32\SETUPAPI.dll
0x000007fefdc30000 - 0x000007fefdc66000 	C:\Windows\system32\CFGMGR32.dll
0x000007fefdc90000 - 0x000007fefdcaa000 	C:\Windows\system32\DEVOBJ.dll
0x000007fefded0000 - 0x000007fefdf69000 	C:\Windows\system32\CLBCatQ.DLL
0x000007fefbf40000 - 0x000007fefc06c000 	C:\Windows\system32\propsys.dll
0x000007fefb7a0000 - 0x000007fefb7cd000 	C:\Windows\system32\ntmarta.dll
0x000007fefe9b0000 - 0x000007fefea02000 	C:\Windows\system32\WLDAP32.dll
0x0000000002380000 - 0x00000000023a9000 	C:\Program Files (x86)\MATLAB_2011a\bin\win64\tbbmalloc.dll
0x000007fefa4b0000 - 0x000007fefa4d7000 	C:\Windows\system32\iphlpapi.dll
0x000007fefa4a0000 - 0x000007fefa4ab000 	C:\Windows\system32\WINNSI.DLL
0x000007fefd020000 - 0x000007fefd07b000 	C:\Windows\system32\DNSAPI.dll
0x000007fef9f60000 - 0x000007fef9f78000 	C:\Windows\system32\dhcpcsvc.DLL
0x000007fef9f40000 - 0x000007fef9f51000 	C:\Windows\system32\dhcpcsvc6.DLL
0x000007fefd7f0000 - 0x000007fefd815000 	C:\Windows\system32\SspiCli.dll
0x0000000002240000 - 0x0000000002243000 	C:\Windows\system32\icmp.Dll
0x0000000078870000 - 0x0000000078ecd000 	C:\Program Files (x86)\MATLAB_2011a\sys\java\jre\win64\jre\bin\server\jvm.dll
0x000007fefb6f0000 - 0x000007fefb72b000 	C:\Windows\system32\WINMM.dll
0x000000007a440000 - 0x000000007a44e000 	C:\Program Files (x86)\MATLAB_2011a\sys\java\jre\win64\jre\bin\verify.dll
0x000000007a070000 - 0x000000007a097000 	C:\Program Files (x86)\MATLAB_2011a\sys\java\jre\win64\jre\bin\java.dll
0x000000007a540000 - 0x000000007a54a000 	C:\Program Files (x86)\MATLAB_2011a\sys\java\jre\win64\jre\bin\hpi.dll
0x000000007a370000 - 0x000000007a382000 	C:\Program Files (x86)\MATLAB_2011a\sys\java\jre\win64\jre\bin\zip.dll
0x0000000075b90000 - 0x0000000075bfb000 	C:\Program Files (x86)\MATLAB_2011a\sys\java\jre\win64\jre\bin\fontmanager.dll
0x0000000073150000 - 0x0000000073311000 	C:\Program Files (x86)\MATLAB_2011a\sys\java\jre\win64\jre\bin\awt.dll
0x0000000079cf0000 - 0x0000000079d36000 	C:\Program Files (x86)\MATLAB_2011a\bin\win64\nativejmi.dll

VM Arguments:
jvm_args: -Xss512k -XX:PermSize=32m -Xms64m -XX:NewRatio=3 -XX:MaxPermSize=128m -Xmx4091m -XX:MaxDirectMemorySize=2147400000 -Dsun.java2d.noddraw=true -Dsun.awt.nopixfmt=true -Xshare:off -Xrs -Dsun.awt.disableMixing=true -Djava.library.path=C:\Program Files (x86)\MATLAB_2011a\bin\win64 vfprintf abort 
java_command: <unknown>
Launcher Type: generic

Environment Variables:
PATH=C:\Program Files (x86)\MRtrix\bin;C:\Program Files (x86)\MiKTeX 2.9\miktex\bin;C:\Program Files\Common Files\Microsoft Shared\Windows Live;C:\Windows\system32;C:\Windows;C:\Windows\System32\Wbem;C:\Windows\System32\WindowsPowerShell\v1.0\;C:\Program Files (x86)\Common Files\Roxio Shared\DLLShared\;C:\Program Files (x86)\Common Files\Roxio Shared\10.0\DLLShared\;C:\Program Files (x86)\MATLAB_2011a\bin;C:\Program Files\Microsoft Windows Performance Toolkit\;C:\Dwimperl\perl\bin;C:\Dwimperl\perl\site\bin;C:\Dwimperl\c\bin;C:\strawberry\c\bin;C:\strawberry\perl\site\bin;C:\strawberry\perl\bin;C:\Program Files (x86)\ttk-1.3.0\bin
USERNAME=gin7
OS=Windows_NT
PROCESSOR_IDENTIFIER=Intel64 Family 6 Model 26 Stepping 5, GenuineIntel



---------------  S Y S T E M  ---------------

OS: Windows 7 Build 7601 Service Pack 1

CPU:total 4 (8 cores per cpu, 2 threads per core) family 6 model 26 stepping 5, cmov, cx8, fxsr, mmx, sse, sse2, sse3, ssse3, sse4.1, sse4.2, ht

Memory: 4k page, physical 16760036k(9888104k free), swap 17628572k(9935648k free)

vm_info: Java HotSpot(TM) 64-Bit Server VM (14.3-b01) for windows-amd64 JRE (1.6.0_17-b04), built on Oct 11 2009 00:46:08 by "java_re" with MS VC++ 8.0

time: Thu Nov 06 19:41:38 2014
elapsed time: 28973 seconds

